Determining if the pthread_create exist failed with the following output:
Change Dir: /home/pandaslap/Desktop/NASA-E-RASSOR-Team/packages/interfaces/ez_gui-build/CMakeFiles/CMakeTmp

Run Build Command:"/usr/bin/make" "cmTC_07909/fast"
/usr/bin/make -f CMakeFiles/cmTC_07909.dir/build.make CMakeFiles/cmTC_07909.dir/build
make[1]: Entering directory '/home/pandaslap/Desktop/NASA-E-RASSOR-Team/packages/interfaces/ez_gui-build/CMakeFiles/CMakeTmp'
Building C object CMakeFiles/cmTC_07909.dir/CheckSymbolExists.c.o
/usr/bin/cc     -o CMakeFiles/cmTC_07909.dir/CheckSymbolExists.c.o   -c /home/pandaslap/Desktop/NASA-E-RASSOR-Team/packages/interfaces/ez_gui-build/CMakeFiles/CMakeTmp/CheckSymbolExists.c
Linking C executable cmTC_07909
/usr/bin/cmake -E cmake_link_script CMakeFiles/cmTC_07909.dir/link.txt --verbose=1
/usr/bin/cc       CMakeFiles/cmTC_07909.dir/CheckSymbolExists.c.o  -o cmTC_07909 -rdynamic 
CMakeFiles/cmTC_07909.dir/CheckSymbolExists.c.o: In function `main':
CheckSymbolExists.c:(.text+0x16): undefined reference to `pthread_create'
collect2: error: ld returned 1 exit status
CMakeFiles/cmTC_07909.dir/build.make:97: recipe for target 'cmTC_07909' failed
make[1]: *** [cmTC_07909] Error 1
make[1]: Leaving directory '/home/pandaslap/Desktop/NASA-E-RASSOR-Team/packages/interfaces/ez_gui-build/CMakeFiles/CMakeTmp'
Makefile:126: recipe for target 'cmTC_07909/fast' failed
make: *** [cmTC_07909/fast] Error 2

File /home/pandaslap/Desktop/NASA-E-RASSOR-Team/packages/interfaces/ez_gui-build/CMakeFiles/CMakeTmp/CheckSymbolExists.c:
/* */
#include <pthread.h>

int main(int argc, char** argv)
{
  (void)argv;
#ifndef pthread_create
  return ((int*)(&pthread_create))[argc];
#else
  (void)argc;
  return 0;
#endif
}

Determining if the function pthread_create exists in the pthreads failed with the following output:
Change Dir: /home/pandaslap/Desktop/NASA-E-RASSOR-Team/packages/interfaces/ez_gui-build/CMakeFiles/CMakeTmp

Run Build Command:"/usr/bin/make" "cmTC_67511/fast"
/usr/bin/make -f CMakeFiles/cmTC_67511.dir/build.make CMakeFiles/cmTC_67511.dir/build
make[1]: Entering directory '/home/pandaslap/Desktop/NASA-E-RASSOR-Team/packages/interfaces/ez_gui-build/CMakeFiles/CMakeTmp'
Building C object CMakeFiles/cmTC_67511.dir/CheckFunctionExists.c.o
/usr/bin/cc    -DCHECK_FUNCTION_EXISTS=pthread_create   -o CMakeFiles/cmTC_67511.dir/CheckFunctionExists.c.o   -c /usr/share/cmake-3.5/Modules/CheckFunctionExists.c
Linking C executable cmTC_67511
/usr/bin/cmake -E cmake_link_script CMakeFiles/cmTC_67511.dir/link.txt --verbose=1
/usr/bin/cc   -DCHECK_FUNCTION_EXISTS=pthread_create    CMakeFiles/cmTC_67511.dir/CheckFunctionExists.c.o  -o cmTC_67511 -rdynamic -lpthreads 
/usr/bin/ld: cannot find -lpthreads
collect2: error: ld returned 1 exit status
CMakeFiles/cmTC_67511.dir/build.make:97: recipe for target 'cmTC_67511' failed
make[1]: *** [cmTC_67511] Error 1
make[1]: Leaving directory '/home/pandaslap/Desktop/NASA-E-RASSOR-Team/packages/interfaces/ez_gui-build/CMakeFiles/CMakeTmp'
Makefile:126: recipe for target 'cmTC_67511/fast' failed
make: *** [cmTC_67511/fast] Error 2


Determining if the Q_WS_WIN exist failed with the following output:
Change Dir: /home/pandaslap/Desktop/NASA-E-RASSOR-Team/packages/interfaces/ez_gui-build/CMakeFiles/CMakeTmp

Run Build Command:"/usr/bin/make" "cmTC_8a697/fast"
/usr/bin/make -f CMakeFiles/cmTC_8a697.dir/build.make CMakeFiles/cmTC_8a697.dir/build
make[1]: Entering directory '/home/pandaslap/Desktop/NASA-E-RASSOR-Team/packages/interfaces/ez_gui-build/CMakeFiles/CMakeTmp'
Building CXX object CMakeFiles/cmTC_8a697.dir/CheckSymbolExists.cxx.o
/usr/bin/c++    -I/usr/include/qt4   -o CMakeFiles/cmTC_8a697.dir/CheckSymbolExists.cxx.o -c /home/pandaslap/Desktop/NASA-E-RASSOR-Team/packages/interfaces/ez_gui-build/CMakeFiles/CMakeTmp/CheckSymbolExists.cxx
/home/pandaslap/Desktop/NASA-E-RASSOR-Team/packages/interfaces/ez_gui-build/CMakeFiles/CMakeTmp/CheckSymbolExists.cxx: In function ‘int main(int, char**)’:
/home/pandaslap/Desktop/NASA-E-RASSOR-Team/packages/interfaces/ez_gui-build/CMakeFiles/CMakeTmp/CheckSymbolExists.cxx:8:19: error: ‘Q_WS_WIN’ was not declared in this scope
   return ((int*)(&Q_WS_WIN))[argc];
                   ^
CMakeFiles/cmTC_8a697.dir/build.make:65: recipe for target 'CMakeFiles/cmTC_8a697.dir/CheckSymbolExists.cxx.o' failed
make[1]: *** [CMakeFiles/cmTC_8a697.dir/CheckSymbolExists.cxx.o] Error 1
make[1]: Leaving directory '/home/pandaslap/Desktop/NASA-E-RASSOR-Team/packages/interfaces/ez_gui-build/CMakeFiles/CMakeTmp'
Makefile:126: recipe for target 'cmTC_8a697/fast' failed
make: *** [cmTC_8a697/fast] Error 2

File /home/pandaslap/Desktop/NASA-E-RASSOR-Team/packages/interfaces/ez_gui-build/CMakeFiles/CMakeTmp/CheckSymbolExists.cxx:
/* */
#include <QtCore/qglobal.h>

int main(int argc, char** argv)
{
  (void)argv;
#ifndef Q_WS_WIN
  return ((int*)(&Q_WS_WIN))[argc];
#else
  (void)argc;
  return 0;
#endif
}

Determining if the Q_WS_QWS exist failed with the following output:
Change Dir: /home/pandaslap/Desktop/NASA-E-RASSOR-Team/packages/interfaces/ez_gui-build/CMakeFiles/CMakeTmp

Run Build Command:"/usr/bin/make" "cmTC_64db3/fast"
/usr/bin/make -f CMakeFiles/cmTC_64db3.dir/build.make CMakeFiles/cmTC_64db3.dir/build
make[1]: Entering directory '/home/pandaslap/Desktop/NASA-E-RASSOR-Team/packages/interfaces/ez_gui-build/CMakeFiles/CMakeTmp'
Building CXX object CMakeFiles/cmTC_64db3.dir/CheckSymbolExists.cxx.o
/usr/bin/c++    -I/usr/include/qt4   -o CMakeFiles/cmTC_64db3.dir/CheckSymbolExists.cxx.o -c /home/pandaslap/Desktop/NASA-E-RASSOR-Team/packages/interfaces/ez_gui-build/CMakeFiles/CMakeTmp/CheckSymbolExists.cxx
/home/pandaslap/Desktop/NASA-E-RASSOR-Team/packages/interfaces/ez_gui-build/CMakeFiles/CMakeTmp/CheckSymbolExists.cxx: In function ‘int main(int, char**)’:
/home/pandaslap/Desktop/NASA-E-RASSOR-Team/packages/interfaces/ez_gui-build/CMakeFiles/CMakeTmp/CheckSymbolExists.cxx:8:19: error: ‘Q_WS_QWS’ was not declared in this scope
   return ((int*)(&Q_WS_QWS))[argc];
                   ^
CMakeFiles/cmTC_64db3.dir/build.make:65: recipe for target 'CMakeFiles/cmTC_64db3.dir/CheckSymbolExists.cxx.o' failed
make[1]: *** [CMakeFiles/cmTC_64db3.dir/CheckSymbolExists.cxx.o] Error 1
make[1]: Leaving directory '/home/pandaslap/Desktop/NASA-E-RASSOR-Team/packages/interfaces/ez_gui-build/CMakeFiles/CMakeTmp'
Makefile:126: recipe for target 'cmTC_64db3/fast' failed
make: *** [cmTC_64db3/fast] Error 2

File /home/pandaslap/Desktop/NASA-E-RASSOR-Team/packages/interfaces/ez_gui-build/CMakeFiles/CMakeTmp/CheckSymbolExists.cxx:
/* */
#include <QtCore/qglobal.h>

int main(int argc, char** argv)
{
  (void)argv;
#ifndef Q_WS_QWS
  return ((int*)(&Q_WS_QWS))[argc];
#else
  (void)argc;
  return 0;
#endif
}

Determining if the Q_WS_MAC exist failed with the following output:
Change Dir: /home/pandaslap/Desktop/NASA-E-RASSOR-Team/packages/interfaces/ez_gui-build/CMakeFiles/CMakeTmp

Run Build Command:"/usr/bin/make" "cmTC_549d6/fast"
/usr/bin/make -f CMakeFiles/cmTC_549d6.dir/build.make CMakeFiles/cmTC_549d6.dir/build
make[1]: Entering directory '/home/pandaslap/Desktop/NASA-E-RASSOR-Team/packages/interfaces/ez_gui-build/CMakeFiles/CMakeTmp'
Building CXX object CMakeFiles/cmTC_549d6.dir/CheckSymbolExists.cxx.o
/usr/bin/c++    -I/usr/include/qt4   -o CMakeFiles/cmTC_549d6.dir/CheckSymbolExists.cxx.o -c /home/pandaslap/Desktop/NASA-E-RASSOR-Team/packages/interfaces/ez_gui-build/CMakeFiles/CMakeTmp/CheckSymbolExists.cxx
/home/pandaslap/Desktop/NASA-E-RASSOR-Team/packages/interfaces/ez_gui-build/CMakeFiles/CMakeTmp/CheckSymbolExists.cxx: In function ‘int main(int, char**)’:
/home/pandaslap/Desktop/NASA-E-RASSOR-Team/packages/interfaces/ez_gui-build/CMakeFiles/CMakeTmp/CheckSymbolExists.cxx:8:19: error: ‘Q_WS_MAC’ was not declared in this scope
   return ((int*)(&Q_WS_MAC))[argc];
                   ^
CMakeFiles/cmTC_549d6.dir/build.make:65: recipe for target 'CMakeFiles/cmTC_549d6.dir/CheckSymbolExists.cxx.o' failed
make[1]: *** [CMakeFiles/cmTC_549d6.dir/CheckSymbolExists.cxx.o] Error 1
make[1]: Leaving directory '/home/pandaslap/Desktop/NASA-E-RASSOR-Team/packages/interfaces/ez_gui-build/CMakeFiles/CMakeTmp'
Makefile:126: recipe for target 'cmTC_549d6/fast' failed
make: *** [cmTC_549d6/fast] Error 2

File /home/pandaslap/Desktop/NASA-E-RASSOR-Team/packages/interfaces/ez_gui-build/CMakeFiles/CMakeTmp/CheckSymbolExists.cxx:
/* */
#include <QtCore/qglobal.h>

int main(int argc, char** argv)
{
  (void)argv;
#ifndef Q_WS_MAC
  return ((int*)(&Q_WS_MAC))[argc];
#else
  (void)argc;
  return 0;
#endif
}

